# JRE version: OpenJDK Runtime Environment (17.0.10) (build 17.0.10+0--11609105)
# Java VM: OpenJDK 64-Bit Server VM (17.0.10+0--11609105, mixed mode, tiered, compressed oops, compressed class ptrs, g1 gc, windows-amd64)
GC Precious Log:
 CPUs: 12 total, 12 available
 Memory: 16257M
 Large Page Support: Disabled
 NUMA Support: Disabled
 Compressed Oops: Enabled (32-bit)
 Heap Region Size: 1M
 Heap Min Capacity: 8M
 Heap Initial Capacity: 256M
 Heap Max Capacity: 2G
 Pre-touch: Disabled
 Parallel Workers: 10
 Concurrent Workers: 3
 Concurrent Refinement Workers: 10
 Periodic GC: Disabled
Heap:
 garbage-first heap   total 217088K, used 68914K [0x0000000080000000, 0x0000000100000000)
  region size 1024K, 9 young (9216K), 9 survivors (9216K)
 Metaspace       used 55526K, committed 55936K, reserved 1114112K
  class space    used 7387K, committed 7552K, reserved 1048576K
GC Heap History (20 events):
Event: 11.059 GC heap after
{Heap after GC invocations=36 (full 0):
 garbage-first heap   total 180224K, used 59350K [0x0000000080000000, 0x0000000100000000)
  region size 1024K, 6 young (6144K), 6 survivors (6144K)
 Metaspace       used 55000K, committed 55424K, reserved 1114112K
  class space    used 7328K, committed 7488K, reserved 1048576K
}
Event: 11.318 GC heap before
{Heap before GC invocations=36 (full 0):
 garbage-first heap   total 180224K, used 154582K [0x0000000080000000, 0x0000000100000000)
  region size 1024K, 99 young (101376K), 6 survivors (6144K)
 Metaspace       used 55000K, committed 55424K, reserved 1114112K
  class space    used 7328K, committed 7488K, reserved 1048576K
}
Event: 11.322 GC heap after
{Heap after GC invocations=37 (full 0):
 garbage-first heap   total 180224K, used 60399K [0x0000000080000000, 0x0000000100000000)
  region size 1024K, 7 young (7168K), 7 survivors (7168K)
 Metaspace       used 55000K, committed 55424K, reserved 1114112K
  class space    used 7328K, committed 7488K, reserved 1048576K
}
Event: 11.550 GC heap before
{Heap before GC invocations=37 (full 0):
 garbage-first heap   total 180224K, used 152559K [0x0000000080000000, 0x0000000100000000)
  region size 1024K, 97 young (99328K), 7 survivors (7168K)
 Metaspace       used 55001K, committed 55424K, reserved 1114112K
  class space    used 7328K, committed 7488K, reserved 1048576K
}
Event: 11.555 GC heap after
{Heap after GC invocations=38 (full 0):
 garbage-first heap   total 180224K, used 60896K [0x0000000080000000, 0x0000000100000000)
  region size 1024K, 7 young (7168K), 7 survivors (7168K)
 Metaspace       used 55001K, committed 55424K, reserved 1114112K
  class space    used 7328K, committed 7488K, reserved 1048576K
}
Event: 11.790 GC heap before
{Heap before GC invocations=38 (full 0):
 garbage-first heap   total 180224K, used 153056K [0x0000000080000000, 0x0000000100000000)
  region size 1024K, 97 young (99328K), 7 survivors (7168K)
 Metaspace       used 55002K, committed 55424K, reserved 1114112K
  class space    used 7328K, committed 7488K, reserved 1048576K
}
Event: 11.796 GC heap after
{Heap after GC invocations=39 (full 0):
 garbage-first heap   total 180224K, used 61918K [0x0000000080000000, 0x0000000100000000)
  region size 1024K, 8 young (8192K), 8 survivors (8192K)
 Metaspace       used 55002K, committed 55424K, reserved 1114112K
  class space    used 7328K, committed 7488K, reserved 1048576K
}
Event: 12.031 GC heap before
{Heap before GC invocations=39 (full 0):
 garbage-first heap   total 180224K, used 152030K [0x0000000080000000, 0x0000000100000000)
  region size 1024K, 96 young (98304K), 8 survivors (8192K)
 Metaspace       used 55003K, committed 55424K, reserved 1114112K
  class space    used 7329K, committed 7488K, reserved 1048576K
}
Event: 12.038 GC heap after
{Heap after GC invocations=40 (full 0):
 garbage-first heap   total 217088K, used 62786K [0x0000000080000000, 0x0000000100000000)
  region size 1024K, 8 young (8192K), 8 survivors (8192K)
 Metaspace       used 55003K, committed 55424K, reserved 1114112K
  class space    used 7329K, committed 7488K, reserved 1048576K
}
Event: 12.714 GC heap before
{Heap before GC invocations=40 (full 0):
 garbage-first heap   total 217088K, used 184642K [0x0000000080000000, 0x0000000100000000)
  region size 1024K, 127 young (130048K), 8 survivors (8192K)
 Metaspace       used 55252K, committed 55616K, reserved 1114112K
  class space    used 7352K, committed 7488K, reserved 1048576K
}
Event: 12.718 GC heap after
{Heap after GC invocations=41 (full 0):
 garbage-first heap   total 217088K, used 56506K [0x0000000080000000, 0x0000000100000000)
  region size 1024K, 4 young (4096K), 4 survivors (4096K)
 Metaspace       used 55252K, committed 55616K, reserved 1114112K
  class space    used 7352K, committed 7488K, reserved 1048576K
}
Event: 13.056 GC heap before
{Heap before GC invocations=41 (full 0):
 garbage-first heap   total 217088K, used 186554K [0x0000000080000000, 0x0000000100000000)
  region size 1024K, 127 young (130048K), 4 survivors (4096K)
 Metaspace       used 55489K, committed 55872K, reserved 1114112K
  class space    used 7383K, committed 7552K, reserved 1048576K
}
Event: 13.060 GC heap after
{Heap after GC invocations=42 (full 0):
 garbage-first heap   total 217088K, used 64240K [0x0000000080000000, 0x0000000100000000)
  region size 1024K, 7 young (7168K), 7 survivors (7168K)
 Metaspace       used 55489K, committed 55872K, reserved 1114112K
  class space    used 7383K, committed 7552K, reserved 1048576K
}
Event: 13.178 GC heap before
{Heap before GC invocations=42 (full 0):
 garbage-first heap   total 217088K, used 185072K [0x0000000080000000, 0x0000000100000000)
  region size 1024K, 126 young (129024K), 7 survivors (7168K)
 Metaspace       used 55497K, committed 55872K, reserved 1114112K
  class space    used 7383K, committed 7552K, reserved 1048576K
}
Event: 13.183 GC heap after
{Heap after GC invocations=43 (full 0):
 garbage-first heap   total 217088K, used 64546K [0x0000000080000000, 0x0000000100000000)
  region size 1024K, 7 young (7168K), 7 survivors (7168K)
 Metaspace       used 55497K, committed 55872K, reserved 1114112K
  class space    used 7383K, committed 7552K, reserved 1048576K
}
Event: 13.333 GC heap before
{Heap before GC invocations=43 (full 0):
 garbage-first heap   total 217088K, used 186402K [0x0000000080000000, 0x0000000100000000)
  region size 1024K, 126 young (129024K), 7 survivors (7168K)
 Metaspace       used 55497K, committed 55872K, reserved 1114112K
  class space    used 7383K, committed 7552K, reserved 1048576K
}
Event: 13.337 GC heap after
{Heap after GC invocations=44 (full 0):
 garbage-first heap   total 217088K, used 65913K [0x0000000080000000, 0x0000000100000000)
  region size 1024K, 9 young (9216K), 9 survivors (9216K)
 Metaspace       used 55497K, committed 55872K, reserved 1114112K
  class space    used 7383K, committed 7552K, reserved 1048576K
}
Event: 13.501 GC heap before
{Heap before GC invocations=44 (full 0):
 garbage-first heap   total 217088K, used 183673K [0x0000000080000000, 0x0000000100000000)
  region size 1024K, 124 young (126976K), 9 survivors (9216K)
 Metaspace       used 55497K, committed 55872K, reserved 1114112K
  class space    used 7383K, committed 7552K, reserved 1048576K
}
Event: 13.506 GC heap after
{Heap after GC invocations=45 (full 0):
 garbage-first heap   total 217088K, used 67593K [0x0000000080000000, 0x0000000100000000)
  region size 1024K, 10 young (10240K), 10 survivors (10240K)
 Metaspace       used 55497K, committed 55872K, reserved 1114112K
  class space    used 7383K, committed 7552K, reserved 1048576K
}
Event: 13.774 GC heap before
{Heap before GC invocations=45 (full 0):
 garbage-first heap   total 217088K, used 183305K [0x0000000080000000, 0x0000000100000000)
  region size 1024K, 123 young (125952K), 10 survivors (10240K)
 Metaspace       used 55526K, committed 55936K, reserved 1114112K
  class space    used 7387K, committed 7552K, reserved 1048576K
}

